c:\users\maksim\desktop\scrolldownshooter-master\gameprototype\gameprototype\x64\debug\vc142.pdb
c:\users\maksim\desktop\scrolldownshooter-master\gameprototype\gameprototype\x64\debug\vc142.idb
c:\users\maksim\desktop\scrolldownshooter-master\gameprototype\gameprototype\x64\debug\main.obj
c:\users\maksim\desktop\scrolldownshooter-master\gameprototype\gameprototype\x64\debug\genericentitymanager.obj
c:\users\maksim\desktop\scrolldownshooter-master\gameprototype\gameprototype\x64\debug\projectile.obj
c:\users\maksim\desktop\scrolldownshooter-master\gameprototype\gameprototype\x64\debug\entity.obj
c:\users\maksim\desktop\scrolldownshooter-master\gameprototype\gameprototype\x64\debug\scene.obj
c:\users\maksim\desktop\scrolldownshooter-master\gameprototype\gameprototype\x64\debug\gun.obj
c:\users\maksim\desktop\scrolldownshooter-master\gameprototype\gameprototype\x64\debug\screen.obj
c:\users\maksim\desktop\scrolldownshooter-master\gameprototype\x64\debug\gameprototype.pdb
c:\users\maksim\desktop\scrolldownshooter-master\gameprototype\gameprototype\x64\debug\gameprototype.tlog\cl.command.1.tlog
c:\users\maksim\desktop\scrolldownshooter-master\gameprototype\gameprototype\x64\debug\gameprototype.tlog\cl.read.1.tlog
c:\users\maksim\desktop\scrolldownshooter-master\gameprototype\gameprototype\x64\debug\gameprototype.tlog\cl.write.1.tlog
c:\users\maksim\desktop\scrolldownshooter-master\gameprototype\gameprototype\x64\debug\gameprototype.tlog\link-cvtres.read.1.tlog
c:\users\maksim\desktop\scrolldownshooter-master\gameprototype\gameprototype\x64\debug\gameprototype.tlog\link-cvtres.write.1.tlog
c:\users\maksim\desktop\scrolldownshooter-master\gameprototype\gameprototype\x64\debug\gameprototype.tlog\link-rc.read.1.tlog
c:\users\maksim\desktop\scrolldownshooter-master\gameprototype\gameprototype\x64\debug\gameprototype.tlog\link-rc.write.1.tlog
c:\users\maksim\desktop\scrolldownshooter-master\gameprototype\gameprototype\x64\debug\gameprototype.tlog\link.7780-cvtres.read.1.tlog
c:\users\maksim\desktop\scrolldownshooter-master\gameprototype\gameprototype\x64\debug\gameprototype.tlog\link.7780-cvtres.write.1.tlog
c:\users\maksim\desktop\scrolldownshooter-master\gameprototype\gameprototype\x64\debug\gameprototype.tlog\link.7780-rc.read.1.tlog
c:\users\maksim\desktop\scrolldownshooter-master\gameprototype\gameprototype\x64\debug\gameprototype.tlog\link.7780-rc.write.1.tlog
c:\users\maksim\desktop\scrolldownshooter-master\gameprototype\gameprototype\x64\debug\gameprototype.tlog\link.7780.read.1.tlog
c:\users\maksim\desktop\scrolldownshooter-master\gameprototype\gameprototype\x64\debug\gameprototype.tlog\link.7780.write.1.tlog
c:\users\maksim\desktop\scrolldownshooter-master\gameprototype\gameprototype\x64\debug\gameprototype.tlog\link.command.1.tlog
c:\users\maksim\desktop\scrolldownshooter-master\gameprototype\gameprototype\x64\debug\gameprototype.tlog\link.read.1.tlog
c:\users\maksim\desktop\scrolldownshooter-master\gameprototype\gameprototype\x64\debug\gameprototype.tlog\link.write.1.tlog
